<?xml version="1.0" encoding="UTF-8"?>
<testng-results ignored="0" total="1" passed="1" failed="0" skipped="0">
  <reporter-output>
    <line>
      <![CDATA[- - - DataBase Connected Succesfully - - -]]>
    </line>
    <line>
      <![CDATA[Execution of Suite File was Started]]>
    </line>
    <line>
      <![CDATA[ - - - firefox Has Launched Succesfully - - - ]]>
    </line>
    <line>
      <![CDATA[--- Logged Into Admin Module Succesfully ---]]>
    </line>
    <line>
      <![CDATA[SystemSettings Dropdown clicked Succesfully]]>
    </line>
    <line>
      <![CDATA[Clicked on List Button]]>
    </line>
    <line>
      <![CDATA[Switched to Active List Frame]]>
    </line>
    <line>
      <![CDATA[Clicked on Add List Lookup Button]]>
    </line>
    <line>
      <![CDATA[Neeraj Name Added Succesfully to the List Name Textbox]]>
    </line>
    <line>
      <![CDATA[List Created Successfully]]>
    </line>
    <line>
      <![CDATA[Switched to Active List Frame]]>
    </line>
    <line>
      <![CDATA[Campaign Started Succesfully]]>
    </line>
    <line>
      <![CDATA[Switched to Active List Frame]]>
    </line>
    <line>
      <![CDATA[Campaign Stopped Succesfully]]>
    </line>
    <line>
      <![CDATA[--- Logged Out from Admin Module Succesfully ---]]>
    </line>
    <line>
      <![CDATA[ - - - firefox Has Closed Succesfully - - - ]]>
    </line>
    <line>
      <![CDATA[ - - - firefox Has Closed Succesfully - - - ]]>
    </line>
    <line>
      <![CDATA[Execution of Suite File was Finished]]>
    </line>
    <line>
      <![CDATA[- - - DataBase Closed Succesfully - - - ]]>
    </line>
  </reporter-output>
  <suite started-at="2023-09-05T13:54:10 IST" name="Default suite" finished-at="2023-09-05T13:54:43 IST" duration-ms="32929">
    <groups>
    </groups>
    <test started-at="2023-09-05T13:54:10 IST" name="Default test" finished-at="2023-09-05T13:54:43 IST" duration-ms="32929">
      <class name="AdminModule.AdminOperationTest">
        <test-method is-config="true" signature="bsConfigration()[pri:0, instance:AdminModule.AdminOperationTest@5386659f]" started-at="2023-09-05T13:54:10 IST" name="bsConfigration" finished-at="2023-09-05T13:54:10 IST" duration-ms="15" status="PASS">
          <reporter-output>
            <line>
              <![CDATA[- - - DataBase Connected Succesfully - - -]]>
            </line>
          </reporter-output>
        </test-method> <!-- bsConfigration -->
        <test-method is-config="true" signature="bcConfigration()[pri:0, instance:AdminModule.AdminOperationTest@5386659f]" started-at="2023-09-05T13:54:10 IST" name="bcConfigration" finished-at="2023-09-05T13:54:17 IST" duration-ms="6891" status="PASS">
          <reporter-output>
            <line>
              <![CDATA[ - - - firefox Has Launched Succesfully - - - ]]>
            </line>
          </reporter-output>
        </test-method> <!-- bcConfigration -->
        <test-method is-config="true" signature="bmConfigration()[pri:0, instance:AdminModule.AdminOperationTest@5386659f]" started-at="2023-09-05T13:54:17 IST" name="bmConfigration" finished-at="2023-09-05T13:54:17 IST" duration-ms="16" status="PASS">
          <reporter-output>
          </reporter-output>
        </test-method> <!-- bmConfigration -->
        <test-method signature="adminOperationsTest()[pri:0, instance:AdminModule.AdminOperationTest@5386659f]" started-at="2023-09-05T13:54:17 IST" name="adminOperationsTest" finished-at="2023-09-05T13:54:43 IST" duration-ms="25483" status="PASS">
          <reporter-output>
            <line>
              <![CDATA[--- Logged Into Admin Module Succesfully ---]]>
            </line>
            <line>
              <![CDATA[SystemSettings Dropdown clicked Succesfully]]>
            </line>
            <line>
              <![CDATA[Clicked on List Button]]>
            </line>
            <line>
              <![CDATA[Switched to Active List Frame]]>
            </line>
            <line>
              <![CDATA[Clicked on Add List Lookup Button]]>
            </line>
            <line>
              <![CDATA[Neeraj Name Added Succesfully to the List Name Textbox]]>
            </line>
            <line>
              <![CDATA[List Created Successfully]]>
            </line>
            <line>
              <![CDATA[Switched to Active List Frame]]>
            </line>
            <line>
              <![CDATA[Campaign Started Succesfully]]>
            </line>
            <line>
              <![CDATA[Switched to Active List Frame]]>
            </line>
            <line>
              <![CDATA[Campaign Stopped Succesfully]]>
            </line>
            <line>
              <![CDATA[--- Logged Out from Admin Module Succesfully ---]]>
            </line>
          </reporter-output>
        </test-method> <!-- adminOperationsTest -->
        <test-method is-config="true" signature="amConfigration()[pri:0, instance:AdminModule.AdminOperationTest@5386659f]" started-at="2023-09-05T13:54:43 IST" name="amConfigration" finished-at="2023-09-05T13:54:43 IST" duration-ms="2" status="PASS">
          <reporter-output>
          </reporter-output>
        </test-method> <!-- amConfigration -->
        <test-method is-config="true" signature="acConfigration()[pri:0, instance:AdminModule.AdminOperationTest@5386659f]" started-at="2023-09-05T13:54:43 IST" name="acConfigration" finished-at="2023-09-05T13:54:43 IST" duration-ms="2" status="PASS">
          <reporter-output>
            <line>
              <![CDATA[ - - - firefox Has Closed Succesfully - - - ]]>
            </line>
          </reporter-output>
        </test-method> <!-- acConfigration -->
        <test-method is-config="true" signature="acConfigration()[pri:0, instance:AdminModule.AdminOperationTest@5386659f]" started-at="2023-09-05T13:54:43 IST" name="acConfigration" finished-at="2023-09-05T13:54:43 IST" duration-ms="3" status="PASS">
          <reporter-output>
            <line>
              <![CDATA[ - - - firefox Has Closed Succesfully - - - ]]>
            </line>
          </reporter-output>
        </test-method> <!-- acConfigration -->
        <test-method is-config="true" signature="asConfigration()[pri:0, instance:AdminModule.AdminOperationTest@5386659f]" started-at="2023-09-05T13:54:43 IST" name="asConfigration" finished-at="2023-09-05T13:54:43 IST" duration-ms="0" status="PASS">
          <reporter-output>
            <line>
              <![CDATA[- - - DataBase Closed Succesfully - - - ]]>
            </line>
          </reporter-output>
        </test-method> <!-- asConfigration -->
      </class> <!-- AdminModule.AdminOperationTest -->
    </test> <!-- Default test -->
  </suite> <!-- Default suite -->
</testng-results>
